D:\25.08.2015\PROJECT1\PROJECT1\DEBUG\2D ORIENATION.OBJ
D:\25.08.2015\PROJECT1\PROJECT1\DEBUG\GEOMETRY.OBJ
D:\25.08.2015\PROJECT1\PROJECT1\DEBUG\VC110.PDB
D:\25.08.2015\PROJECT1\PROJECT1\DEBUG\SERIAL.OBJ
D:\25.08.2015\PROJECT1\PROJECT1\DEBUG\SPHERETRACKING.OBJ
D:\25.08.2015\PROJECT1\DEBUG\ORIENTATION.ILK
D:\25.08.2015\PROJECT1\DEBUG\ORIENTATION.EXE
D:\25.08.2015\PROJECT1\DEBUG\ORIENTATION.PDB
D:\25.08.2015\Project1\Project1\Debug\2d orienation.obj
D:\25.08.2015\Project1\Project1\Debug\geometry.obj
D:\25.08.2015\Project1\Project1\Debug\Serial.obj
D:\25.08.2015\Project1\Project1\Debug\cl.command.1.tlog
D:\25.08.2015\Project1\Project1\Debug\CL.read.1.tlog
D:\25.08.2015\Project1\Project1\Debug\CL.write.1.tlog
D:\25.08.2015\Project1\Project1\Debug\link-cvtres.read.1.tlog
D:\25.08.2015\Project1\Project1\Debug\link-cvtres.write.1.tlog
D:\25.08.2015\Project1\Project1\Debug\link-rc.read.1.tlog
D:\25.08.2015\Project1\Project1\Debug\link-rc.write.1.tlog
D:\25.08.2015\Project1\Project1\Debug\link.3700-cvtres.read.1.tlog
D:\25.08.2015\Project1\Project1\Debug\link.3700-cvtres.write.1.tlog
D:\25.08.2015\Project1\Project1\Debug\link.3700-rc.read.1.tlog
D:\25.08.2015\Project1\Project1\Debug\link.3700-rc.write.1.tlog
D:\25.08.2015\Project1\Project1\Debug\link.3700.read.1.tlog
D:\25.08.2015\Project1\Project1\Debug\link.3700.write.1.tlog
D:\25.08.2015\Project1\Project1\Debug\link.3720-cvtres.read.1.tlog
D:\25.08.2015\Project1\Project1\Debug\link.3720-cvtres.write.1.tlog
D:\25.08.2015\Project1\Project1\Debug\link.3720-rc.read.1.tlog
D:\25.08.2015\Project1\Project1\Debug\link.3720-rc.write.1.tlog
D:\25.08.2015\Project1\Project1\Debug\link.3720.read.1.tlog
D:\25.08.2015\Project1\Project1\Debug\link.3720.write.1.tlog
D:\25.08.2015\Project1\Project1\Debug\link.3820-cvtres.read.1.tlog
D:\25.08.2015\Project1\Project1\Debug\link.3820-cvtres.write.1.tlog
D:\25.08.2015\Project1\Project1\Debug\link.3820-rc.read.1.tlog
D:\25.08.2015\Project1\Project1\Debug\link.3820-rc.write.1.tlog
D:\25.08.2015\Project1\Project1\Debug\link.3820.read.1.tlog
D:\25.08.2015\Project1\Project1\Debug\link.3820.write.1.tlog
D:\25.08.2015\Project1\Project1\Debug\link.4288-cvtres.read.1.tlog
D:\25.08.2015\Project1\Project1\Debug\link.4288-cvtres.write.1.tlog
D:\25.08.2015\Project1\Project1\Debug\link.4288-rc.read.1.tlog
D:\25.08.2015\Project1\Project1\Debug\link.4288-rc.write.1.tlog
D:\25.08.2015\Project1\Project1\Debug\link.4288.read.1.tlog
D:\25.08.2015\Project1\Project1\Debug\link.4288.write.1.tlog
D:\25.08.2015\Project1\Project1\Debug\link.5548-cvtres.read.1.tlog
D:\25.08.2015\Project1\Project1\Debug\link.5548-cvtres.write.1.tlog
D:\25.08.2015\Project1\Project1\Debug\link.5548-rc.read.1.tlog
D:\25.08.2015\Project1\Project1\Debug\link.5548-rc.write.1.tlog
D:\25.08.2015\Project1\Project1\Debug\link.5548.read.1.tlog
D:\25.08.2015\Project1\Project1\Debug\link.5548.write.1.tlog
D:\25.08.2015\Project1\Project1\Debug\link.6016-cvtres.read.1.tlog
D:\25.08.2015\Project1\Project1\Debug\link.6016-cvtres.write.1.tlog
D:\25.08.2015\Project1\Project1\Debug\link.6016-rc.read.1.tlog
D:\25.08.2015\Project1\Project1\Debug\link.6016-rc.write.1.tlog
D:\25.08.2015\Project1\Project1\Debug\link.6016.read.1.tlog
D:\25.08.2015\Project1\Project1\Debug\link.6016.write.1.tlog
D:\25.08.2015\Project1\Project1\Debug\link.860-cvtres.read.1.tlog
D:\25.08.2015\Project1\Project1\Debug\link.860-cvtres.write.1.tlog
D:\25.08.2015\Project1\Project1\Debug\link.860-rc.read.1.tlog
D:\25.08.2015\Project1\Project1\Debug\link.860-rc.write.1.tlog
D:\25.08.2015\Project1\Project1\Debug\link.860.read.1.tlog
D:\25.08.2015\Project1\Project1\Debug\link.860.write.1.tlog
D:\25.08.2015\Project1\Project1\Debug\link.command.1.tlog
D:\25.08.2015\Project1\Project1\Debug\link.read.1.tlog
D:\25.08.2015\Project1\Project1\Debug\link.write.1.tlog
D:\25.08.2015\Project1\Project1\Debug\vc110.idb
D:\25.08.2015\Project1\Project1\Debug\vc110.pdb
D:\25.08.2015\Project1\Debug\Orientation.pdb
D:\25.08.2015\Project1\Debug\Orientation.exe
D:\25.08.2015\Project1\Debug\Orientation.ilk
